Started GET "/" for 127.0.0.1 at 2018-03-11 07:23:42 +1100
  [1m[35m (3.8ms)[0m  [1m[34mSELECT "schema_migrations"."version" FROM "schema_migrations" ORDER BY "schema_migrations"."version" ASC[0m
Processing by WelcomeController#index as HTML
Completed 401 Unauthorized in 17ms (ActiveRecord: 0.0ms)


Started GET "/users/sign_in" for 127.0.0.1 at 2018-03-11 07:23:43 +1100
Processing by Devise::SessionsController#new as HTML
  Rendering devise/sessions/new.html.erb within layouts/application
  Rendered devise/shared/_links.html.erb (2.9ms)
  Rendered devise/sessions/new.html.erb within layouts/application (57.5ms)
  Rendered layouts/_navigation.html.erb (1.2ms)
Completed 200 OK in 1842ms (Views: 1801.9ms | ActiveRecord: 14.4ms)


Started GET "/users/sign_up" for 127.0.0.1 at 2018-03-11 07:23:50 +1100
Processing by User::RegistrationsController#new as HTML
  Rendering devise/registrations/new.html.erb within layouts/application
  Rendered devise/shared/_links.html.erb (1.1ms)
  Rendered devise/registrations/new.html.erb within layouts/application (7.0ms)
  Rendered layouts/_navigation.html.erb (0.9ms)
Completed 200 OK in 159ms (Views: 156.9ms | ActiveRecord: 0.0ms)


Started GET "/users/sign_in" for 127.0.0.1 at 2018-03-11 07:24:23 +1100
Processing by Devise::SessionsController#new as HTML
  Rendering devise/sessions/new.html.erb within layouts/application
  Rendered devise/shared/_links.html.erb (1.4ms)
  Rendered devise/sessions/new.html.erb within layouts/application (5.4ms)
  Rendered layouts/_navigation.html.erb (0.7ms)
Completed 200 OK in 110ms (Views: 109.0ms | ActiveRecord: 0.0ms)


Started POST "/users/sign_in" for 127.0.0.1 at 2018-03-11 07:24:29 +1100
Processing by Devise::SessionsController#create as HTML
  Parameters: {"utf8"=>"✓", "authenticity_token"=>"P1cR3iV1RJolao3KkhKD0nJI4ud01X2BE5V2tCMFO/0jzmfq2icjMw+ifT6j0bvNcoDK7qJkO3BzH/jEKqSVAA==", "user"=>{"email"=>"jose@ga.co", "password"=>"[FILTERED]", "remember_me"=>"0"}, "commit"=>"Sign in"}
  [1m[36mUser Load (15.1ms)[0m  [1m[34mSELECT  "users".* FROM "users" WHERE "users"."email" = $1 ORDER BY "users"."id" ASC LIMIT $2[0m  [["email", "jose@ga.co"], ["LIMIT", 1]]
  [1m[35m (0.2ms)[0m  [1m[35mBEGIN[0m
  [1m[35mSQL (6.1ms)[0m  [1m[33mUPDATE "users" SET "current_sign_in_at" = $1, "last_sign_in_at" = $2, "sign_in_count" = $3, "updated_at" = $4 WHERE "users"."id" = $5[0m  [["current_sign_in_at", "2018-03-10 20:24:29.648677"], ["last_sign_in_at", "2018-01-08 02:37:44.741190"], ["sign_in_count", 38], ["updated_at", "2018-03-10 20:24:29.650058"], ["id", 1]]
  [1m[35m (4.9ms)[0m  [1m[35mCOMMIT[0m
Redirected to http://localhost:3000/
Completed 302 Found in 227ms (ActiveRecord: 26.2ms)


Started GET "/" for 127.0.0.1 at 2018-03-11 07:24:29 +1100
Processing by WelcomeController#index as HTML
  [1m[36mUser Load (0.6ms)[0m  [1m[34mSELECT  "users".* FROM "users" WHERE "users"."id" = $1 ORDER BY "users"."id" ASC LIMIT $2[0m  [["id", 1], ["LIMIT", 1]]
  Rendering welcome/index.html.erb within layouts/application
  Rendered welcome/index.html.erb within layouts/application (0.4ms)
  Rendered layouts/_navigation.html.erb (1.2ms)
Completed 200 OK in 111ms (Views: 104.7ms | ActiveRecord: 0.6ms)


Started DELETE "/users/sign_out" for 127.0.0.1 at 2018-03-11 07:24:50 +1100
Processing by Devise::SessionsController#destroy as HTML
  Parameters: {"authenticity_token"=>"/GA7AjJurysm2FO/8xspJSB2qj3JRudua33N3uFy5Kvscb0/qAtNnYOItY1L4DwyWoKJwtCMQ5PPHgs768M66g=="}
  [1m[36mUser Load (0.7ms)[0m  [1m[34mSELECT  "users".* FROM "users" WHERE "users"."id" = $1 ORDER BY "users"."id" ASC LIMIT $2[0m  [["id", 1], ["LIMIT", 1]]
  [1m[35m (3.2ms)[0m  [1m[35mBEGIN[0m
  [1m[35m (0.3ms)[0m  [1m[35mCOMMIT[0m
Redirected to http://localhost:3000/
Completed 302 Found in 33ms (ActiveRecord: 4.1ms)


Started GET "/" for 127.0.0.1 at 2018-03-11 07:24:50 +1100
Processing by WelcomeController#index as HTML
Completed 401 Unauthorized in 1ms (ActiveRecord: 0.0ms)


Started GET "/users/sign_in" for 127.0.0.1 at 2018-03-11 07:24:50 +1100
Processing by Devise::SessionsController#new as HTML
  Rendering devise/sessions/new.html.erb within layouts/application
  Rendered devise/shared/_links.html.erb (0.9ms)
  Rendered devise/sessions/new.html.erb within layouts/application (10.8ms)
  Rendered layouts/_navigation.html.erb (0.9ms)
Completed 200 OK in 120ms (Views: 119.4ms | ActiveRecord: 0.0ms)


Started GET "/" for 127.0.0.1 at 2018-03-11 07:36:35 +1100
  [1m[35m (5.6ms)[0m  [1m[34mSELECT "schema_migrations"."version" FROM "schema_migrations" ORDER BY "schema_migrations"."version" ASC[0m
Processing by WelcomeController#index as HTML
Completed 401 Unauthorized in 16ms (ActiveRecord: 0.0ms)


Started GET "/users/sign_in" for 127.0.0.1 at 2018-03-11 07:36:35 +1100
Processing by Devise::SessionsController#new as HTML
  Rendering devise/sessions/new.html.erb within layouts/application
  Rendered devise/shared/_links.html.erb (2.1ms)
  Rendered devise/sessions/new.html.erb within layouts/application (41.7ms)
  Rendered layouts/_navigation.html.erb (1.3ms)
Completed 200 OK in 762ms (Views: 712.9ms | ActiveRecord: 14.0ms)


Started GET "/users/sign_in" for 127.0.0.1 at 2018-03-11 07:37:27 +1100
Processing by Devise::SessionsController#new as HTML
  Rendering devise/sessions/new.html.erb within layouts/application
  Rendered devise/shared/_links.html.erb (1.4ms)
  Rendered devise/sessions/new.html.erb within layouts/application (6.9ms)
  Rendered layouts/_navigation.html.erb (1.4ms)
Completed 200 OK in 190ms (Views: 149.3ms | ActiveRecord: 0.0ms)


Started POST "/users/sign_in" for 127.0.0.1 at 2018-03-11 07:37:33 +1100
Processing by Devise::SessionsController#create as HTML
  Parameters: {"utf8"=>"✓", "authenticity_token"=>"oyQMhQ/evz/EWqVhQZoN6invmn0MeVsb9WVZr+BtYueKx8NprWMlQaSc0yqljAZrwdc76tLrs9orXKOKAovdbg==", "user"=>{"email"=>"jose@ga.co", "password"=>"[FILTERED]", "remember_me"=>"0"}, "commit"=>"Sign in"}
  [1m[36mUser Load (9.0ms)[0m  [1m[34mSELECT  "users".* FROM "users" WHERE "users"."email" = $1 ORDER BY "users"."id" ASC LIMIT $2[0m  [["email", "jose@ga.co"], ["LIMIT", 1]]
  [1m[35m (0.3ms)[0m  [1m[35mBEGIN[0m
  [1m[35mSQL (0.7ms)[0m  [1m[33mUPDATE "users" SET "current_sign_in_at" = $1, "last_sign_in_at" = $2, "sign_in_count" = $3, "updated_at" = $4 WHERE "users"."id" = $5[0m  [["current_sign_in_at", "2018-03-10 20:37:34.050288"], ["last_sign_in_at", "2018-03-10 20:24:29.648677"], ["sign_in_count", 39], ["updated_at", "2018-03-10 20:37:34.051664"], ["id", 1]]
  [1m[35m (6.3ms)[0m  [1m[35mCOMMIT[0m
Redirected to http://localhost:3000/
Completed 302 Found in 214ms (ActiveRecord: 16.3ms)


Started GET "/" for 127.0.0.1 at 2018-03-11 07:37:34 +1100
Processing by WelcomeController#index as HTML
  [1m[36mUser Load (0.8ms)[0m  [1m[34mSELECT  "users".* FROM "users" WHERE "users"."id" = $1 ORDER BY "users"."id" ASC LIMIT $2[0m  [["id", 1], ["LIMIT", 1]]
  Rendering welcome/index.html.erb within layouts/application
  Rendered welcome/index.html.erb within layouts/application (0.4ms)
  Rendered layouts/_navigation.html.erb (1.2ms)
Completed 200 OK in 163ms (Views: 157.3ms | ActiveRecord: 0.8ms)


Started DELETE "/users/sign_out" for 127.0.0.1 at 2018-03-11 07:37:39 +1100
Processing by Devise::SessionsController#destroy as HTML
  Parameters: {"authenticity_token"=>"xvD0R2Dl4/9pxKHz4BpAsD+rNsAqN7JqjPDq5t0GhRQ4JLAiUcu3hZET4eCVAFxwLx/AO57ZthlZkEp13Zsv9Q=="}
  [1m[36mUser Load (0.5ms)[0m  [1m[34mSELECT  "users".* FROM "users" WHERE "users"."id" = $1 ORDER BY "users"."id" ASC LIMIT $2[0m  [["id", 1], ["LIMIT", 1]]
  [1m[35m (0.4ms)[0m  [1m[35mBEGIN[0m
  [1m[35m (0.6ms)[0m  [1m[35mCOMMIT[0m
Redirected to http://localhost:3000/
Completed 302 Found in 18ms (ActiveRecord: 1.6ms)


Started GET "/" for 127.0.0.1 at 2018-03-11 07:37:39 +1100
Processing by WelcomeController#index as HTML
Completed 401 Unauthorized in 1ms (ActiveRecord: 0.0ms)


Started GET "/users/sign_in" for 127.0.0.1 at 2018-03-11 07:37:39 +1100
Processing by Devise::SessionsController#new as HTML
  Rendering devise/sessions/new.html.erb within layouts/application
  Rendered devise/shared/_links.html.erb (1.7ms)
  Rendered devise/sessions/new.html.erb within layouts/application (11.5ms)
  Rendered layouts/_navigation.html.erb (1.1ms)
Completed 200 OK in 170ms (Views: 168.4ms | ActiveRecord: 0.0ms)


Started POST "/users/sign_in" for 127.0.0.1 at 2018-03-11 07:38:02 +1100
Processing by Devise::SessionsController#create as HTML
  Parameters: {"utf8"=>"✓", "authenticity_token"=>"USw3vb16MBicCd0eBHd31C4aQglFPg+W765V40DJ4v9MiBzC3Igjg2jHTr4k6PBAoUaYK5Uf6+Ci7ildL2DIMg==", "user"=>{"email"=>"jose@ga.co", "password"=>"[FILTERED]", "remember_me"=>"0"}, "commit"=>"Sign in"}
  [1m[36mUser Load (2.0ms)[0m  [1m[34mSELECT  "users".* FROM "users" WHERE "users"."email" = $1 ORDER BY "users"."id" ASC LIMIT $2[0m  [["email", "jose@ga.co"], ["LIMIT", 1]]
  [1m[35m (0.2ms)[0m  [1m[35mBEGIN[0m
  [1m[35mSQL (0.5ms)[0m  [1m[33mUPDATE "users" SET "current_sign_in_at" = $1, "last_sign_in_at" = $2, "sign_in_count" = $3, "updated_at" = $4 WHERE "users"."id" = $5[0m  [["current_sign_in_at", "2018-03-10 20:38:02.447121"], ["last_sign_in_at", "2018-03-10 20:37:34.050288"], ["sign_in_count", 40], ["updated_at", "2018-03-10 20:38:02.447849"], ["id", 1]]
  [1m[35m (1.1ms)[0m  [1m[35mCOMMIT[0m
Redirected to http://localhost:3000/
Completed 302 Found in 171ms (ActiveRecord: 3.7ms)


Started GET "/" for 127.0.0.1 at 2018-03-11 07:38:02 +1100
Processing by WelcomeController#index as HTML
  [1m[36mUser Load (2.4ms)[0m  [1m[34mSELECT  "users".* FROM "users" WHERE "users"."id" = $1 ORDER BY "users"."id" ASC LIMIT $2[0m  [["id", 1], ["LIMIT", 1]]
  Rendering welcome/index.html.erb within layouts/application
  Rendered welcome/index.html.erb within layouts/application (0.3ms)
  Rendered layouts/_navigation.html.erb (1.4ms)
Completed 200 OK in 98ms (Views: 92.8ms | ActiveRecord: 2.4ms)


Started DELETE "/users/sign_out" for 127.0.0.1 at 2018-03-11 07:40:16 +1100
Processing by Devise::SessionsController#destroy as HTML
  Parameters: {"authenticity_token"=>"3m2YKFQYX3EzLOs4eEoakTQ9ntdBQRo31FXUPIj8GrWcs3LnCnTR5whdYzV3EHAi/LRFOye6DuxcAoCpdmrppQ=="}
  [1m[36mUser Load (0.9ms)[0m  [1m[34mSELECT  "users".* FROM "users" WHERE "users"."id" = $1 ORDER BY "users"."id" ASC LIMIT $2[0m  [["id", 1], ["LIMIT", 1]]
  [1m[35m (0.1ms)[0m  [1m[35mBEGIN[0m
  [1m[35m (0.1ms)[0m  [1m[35mCOMMIT[0m
Redirected to http://localhost:3000/
Completed 302 Found in 6ms (ActiveRecord: 1.1ms)


Started GET "/" for 127.0.0.1 at 2018-03-11 07:40:16 +1100
Processing by WelcomeController#index as HTML
Completed 401 Unauthorized in 1ms (ActiveRecord: 0.0ms)


Started GET "/users/sign_in" for 127.0.0.1 at 2018-03-11 07:40:16 +1100
Processing by Devise::SessionsController#new as HTML
  Rendering devise/sessions/new.html.erb within layouts/application
  Rendered devise/shared/_links.html.erb (1.2ms)
  Rendered devise/sessions/new.html.erb within layouts/application (6.1ms)
  Rendered layouts/_navigation.html.erb (1.4ms)
Completed 200 OK in 208ms (Views: 206.1ms | ActiveRecord: 0.0ms)


Started POST "/users/sign_in" for 127.0.0.1 at 2018-03-11 07:40:22 +1100
Processing by Devise::SessionsController#create as HTML
  Parameters: {"utf8"=>"✓", "authenticity_token"=>"OGT5ONkCGv+GlUzi5hwUCbtWZ1lm0sHlbMiMfeuOn5y4D4m8QvkOvKKn7HTjdyLIdLes/fblxsoBidAcobwCDw==", "user"=>{"email"=>"jose@ga.co", "password"=>"[FILTERED]", "remember_me"=>"0"}, "commit"=>"Sign in"}
  [1m[36mUser Load (0.8ms)[0m  [1m[34mSELECT  "users".* FROM "users" WHERE "users"."email" = $1 ORDER BY "users"."id" ASC LIMIT $2[0m  [["email", "jose@ga.co"], ["LIMIT", 1]]
  [1m[35m (0.2ms)[0m  [1m[35mBEGIN[0m
  [1m[35mSQL (0.6ms)[0m  [1m[33mUPDATE "users" SET "current_sign_in_at" = $1, "last_sign_in_at" = $2, "sign_in_count" = $3, "updated_at" = $4 WHERE "users"."id" = $5[0m  [["current_sign_in_at", "2018-03-10 20:40:22.755452"], ["last_sign_in_at", "2018-03-10 20:38:02.447121"], ["sign_in_count", 41], ["updated_at", "2018-03-10 20:40:22.756181"], ["id", 1]]
  [1m[35m (0.8ms)[0m  [1m[35mCOMMIT[0m
Redirected to http://localhost:3000/
Completed 302 Found in 174ms (ActiveRecord: 2.4ms)


Started GET "/" for 127.0.0.1 at 2018-03-11 07:40:22 +1100
Processing by WelcomeController#index as HTML
  [1m[36mUser Load (0.7ms)[0m  [1m[34mSELECT  "users".* FROM "users" WHERE "users"."id" = $1 ORDER BY "users"."id" ASC LIMIT $2[0m  [["id", 1], ["LIMIT", 1]]
  Rendering welcome/index.html.erb within layouts/application
  Rendered welcome/index.html.erb within layouts/application (0.6ms)
  Rendered layouts/_navigation.html.erb (1.3ms)
Completed 200 OK in 157ms (Views: 150.7ms | ActiveRecord: 0.7ms)


Started GET "/home" for 127.0.0.1 at 2018-03-11 07:40:36 +1100
Processing by UsersController#home as HTML
  [1m[36mUser Load (0.5ms)[0m  [1m[34mSELECT  "users".* FROM "users" WHERE "users"."id" = $1 ORDER BY "users"."id" ASC LIMIT $2[0m  [["id", 1], ["LIMIT", 1]]
  Rendering users/home.html.erb within layouts/application
  Rendered skills/_lookup.html.erb (1.3ms)
  [1m[35m (21.9ms)[0m  [1m[34mSELECT COUNT(*) FROM "skills" INNER JOIN "user_skills" ON "skills"."id" = "user_skills"."skill_id" WHERE "user_skills"."user_id" = $1[0m  [["user_id", 1]]
  [1m[36mSkill Load (0.7ms)[0m  [1m[34mSELECT "skills".* FROM "skills" INNER JOIN "user_skills" ON "skills"."id" = "user_skills"."skill_id" WHERE "user_skills"."user_id" = $1[0m  [["user_id", 1]]
  Rendered users/home.html.erb within layouts/application (131.7ms)
  Rendered layouts/_navigation.html.erb (1.2ms)
Completed 200 OK in 276ms (Views: 233.7ms | ActiveRecord: 35.9ms)


Started GET "/users/edit" for 127.0.0.1 at 2018-03-11 07:40:39 +1100
Processing by User::RegistrationsController#edit as HTML
  [1m[36mUser Load (0.6ms)[0m  [1m[34mSELECT  "users".* FROM "users" WHERE "users"."id" = $1 ORDER BY "users"."id" ASC LIMIT $2[0m  [["id", 1], ["LIMIT", 1]]
  Rendering devise/registrations/edit.html.erb within layouts/application
  Rendered devise/registrations/edit.html.erb within layouts/application (16.1ms)
  Rendered layouts/_navigation.html.erb (1.4ms)
Completed 200 OK in 161ms (Views: 158.3ms | ActiveRecord: 0.6ms)


Started GET "/my_friends" for 127.0.0.1 at 2018-03-11 07:40:41 +1100
Processing by UsersController#my_friends as HTML
  [1m[36mUser Load (0.6ms)[0m  [1m[34mSELECT  "users".* FROM "users" WHERE "users"."id" = $1 ORDER BY "users"."id" ASC LIMIT $2[0m  [["id", 1], ["LIMIT", 1]]
  Rendering users/my_friends.html.erb within layouts/application
  Rendered common/_spinner.html.erb (0.3ms)
  Rendered friends/_lookup.html.erb (3.5ms)
  [1m[35m (20.0ms)[0m  [1m[34mSELECT COUNT(*) FROM "users" INNER JOIN "friendships" ON "users"."id" = "friendships"."friend_id" WHERE "friendships"."user_id" = $1[0m  [["user_id", 1]]
  [1m[36mUser Load (2.4ms)[0m  [1m[34mSELECT "users".* FROM "users" INNER JOIN "friendships" ON "users"."id" = "friendships"."friend_id" WHERE "friendships"."user_id" = $1[0m  [["user_id", 1]]
  Rendered users/my_friends.html.erb within layouts/application (51.3ms)
  Rendered layouts/_navigation.html.erb (0.9ms)
Completed 200 OK in 183ms (Views: 145.7ms | ActiveRecord: 28.5ms)


